<?xml version="1.0" encoding="UTF-8"?>
<!-- Generated by org.testng.reporters.JUnitReportReporter -->
<testsuite skipped="0" hostname="DESKTOP-F13OLA2" name="DentalLOCTestCases.RfpDataRequestConfirmation" tests="1" failures="0" timestamp="2020-09-23T17:39:34 IST" time="65.147" errors="0">
  <testcase name="rfpDataRequestConfirmation" time="65.147" classname="DentalLOCTestCases.RfpDataRequestConfirmation"/>
  <system-out>
<a target="_blank" href=Wed_Sep_23_17_33_45_IST_2020.jpg>Click To See Screenshot</a> <br> <a target="_blank" href=Wed_Sep_23_17_33_45_IST_2020.jpg><img src=Wed_Sep_23_17_33_45_IST_2020.jpg height=200 width=200></img></a>  </system-out>
</testsuite> <!-- DentalLOCTestCases.RfpDataRequestConfirmation -->
