<?xml version="1.0" encoding="UTF-8"?>
<!-- Generated by org.testng.reporters.JUnitReportReporter -->
<testsuite skipped="0" hostname="DESKTOP-F13OLA2" name="DentalLOCTestCases.CreateRFP" tests="1" failures="0" timestamp="2020-09-23T17:39:34 IST" time="134.704" errors="0">
  <testcase name="createRFP" time="134.704" classname="DentalLOCTestCases.CreateRFP"/>
  <system-out>
<a target="_blank" href=Wed_Sep_23_17_32_39_IST_2020.jpg>Click To See Screenshot</a> <br> <a target="_blank" href=Wed_Sep_23_17_32_39_IST_2020.jpg><img src=Wed_Sep_23_17_32_39_IST_2020.jpg height=200 width=200></img></a>  </system-out>
</testsuite> <!-- DentalLOCTestCases.CreateRFP -->
