<?xml version="1.0" encoding="UTF-8"?>
<!-- Generated by org.testng.reporters.JUnitReportReporter -->
<testsuite skipped="1" hostname="DESKTOP-JO95MPE" name="TestCases.LoginTestProcessAssociate" tests="1" failures="0" timestamp="2020-10-04T22:31:28 IST" time="0.000" errors="0">
  <testcase name="loginToLockTon" time="0.000" classname="TestCases.LoginTestProcessAssociate">
    <skipped/>
  </testcase> <!-- loginToLockTon -->
  <system-out/>
</testsuite> <!-- TestCases.LoginTestProcessAssociate -->
