<?xml version="1.0" encoding="UTF-8"?>
<!-- Generated by org.testng.reporters.JUnitReportReporter -->
<testsuite skipped="2" hostname="DESKTOP-JO95MPE" name="DentalLOCTestCases.RFPtoPreaentationCreation.CreateRFP" tests="2" failures="0" timestamp="2020-10-04T22:31:28 IST" time="0.000" errors="0">
  <testcase name="createRFP" time="0.000" classname="DentalLOCTestCases.RFPtoPreaentationCreation.CreateRFP">
    <skipped/>
  </testcase> <!-- createRFP -->
  <system-out/>
  <testcase name="createRFP" time="0.000" classname="DentalLOCTestCases.RFPtoPreaentationCreation.CreateRFP">
    <skipped/>
  </testcase> <!-- createRFP -->
  <system-out/>
</testsuite> <!-- DentalLOCTestCases.RFPtoPreaentationCreation.CreateRFP -->
